<?xml version="1.0" encoding="UTF-8"?>
<!-- Generated by org.testng.reporters.JUnitXMLReporter -->
<testsuite ignored="0" hostname="Chandrahasa" failures="0" tests="3" name="Payment methods" time="0.094" errors="0" timestamp="2022-03-01T19:33:15 IST">
  <testcase classname="TestNG.PaymentTest" name="paymentindollar" time="0.011"/>
  <testcase classname="TestNG.PaymentTest" name="paymentinrupees" time="0.001"/>
  <testcase classname="TestNG.PaymentReturns" name="paymentreturnbybank" time="0.001"/>
</testsuite> <!-- Payment methods -->
