<?xml version="1.0" encoding="UTF-8"?>
<!-- Generated by org.testng.reporters.JUnitXMLReporter -->
<testsuite ignored="0" hostname="Chandrahasa" failures="0" tests="3" name="Functional Testing" time="0.02" errors="0" timestamp="2022-03-01T19:43:45 IST">
  <testcase classname="TestNG.PaymentTest" name="paymentindollar" time="0.002"/>
  <testcase classname="TestNG.PaymentTest" name="paymentinrupees" time="0.003"/>
  <testcase classname="TestNG.PaymentReturns" name="paymentreturnbybank" time="0.002"/>
</testsuite> <!-- Functional Testing -->
