<?xml version="1.0" encoding="UTF-8"?>
<!-- Generated by org.testng.reporters.JUnitXMLReporter -->
<testsuite ignored="0" hostname="Chandrahasa" failures="0" tests="6" name="Saniy Tests" time="0.066" errors="0" timestamp="2022-02-27T09:48:26 IST">
  <testcase classname="TestNG.Login" name="loginbyemail" time="0.01"/>
  <testcase classname="TestNG.Login" name="loginbyphonenumber" time="0.001"/>
  <testcase classname="TestNG.Login" name="loginbyfacebook" time="0.001"/>
  <testcase classname="TestNG.SignUp" name="signupbyemail" time="0.001"/>
  <testcase classname="TestNG.SignUp" name="signupbyfacebook" time="0.001"/>
  <testcase classname="TestNG.SignUp" name="signupbyphonenumber" time="0.002"/>
</testsuite> <!-- Saniy Tests -->
