<?xml version="1.0" encoding="UTF-8"?>
<testng-results ignored="0" total="6" passed="6" failed="0" skipped="0">
  <reporter-output>
  </reporter-output>
  <suite started-at="2022-03-08T22:03:39 IST" name="Sanity" finished-at="2022-03-08T22:04:17 IST" duration-ms="37664">
    <groups>
    </groups>
    <test started-at="2022-03-08T22:03:39 IST" name="Sanity Testing1" finished-at="2022-03-08T22:04:16 IST" duration-ms="36513">
      <class name="TestNG.SignUp">
        <test-method signature="log4()[pri:0, instance:TestNG.SignUp@57cf54e1]" started-at="2022-03-08T22:03:39 IST" name="log4" finished-at="2022-03-08T22:03:52 IST" duration-ms="12874" status="PASS">
          <reporter-output>
          </reporter-output>
        </test-method> <!-- log4 -->
        <test-method is-config="true" signature="closing()[pri:0, instance:TestNG.SignUp@57cf54e1]" started-at="2022-03-08T22:03:52 IST" name="closing" finished-at="2022-03-08T22:03:53 IST" duration-ms="831" status="PASS">
          <reporter-output>
          </reporter-output>
        </test-method> <!-- closing -->
        <test-method signature="log5()[pri:0, instance:TestNG.SignUp@57cf54e1]" started-at="2022-03-08T22:03:53 IST" name="log5" finished-at="2022-03-08T22:04:03 IST" duration-ms="10020" status="PASS">
          <reporter-output>
          </reporter-output>
        </test-method> <!-- log5 -->
        <test-method is-config="true" signature="closing()[pri:0, instance:TestNG.SignUp@57cf54e1]" started-at="2022-03-08T22:04:03 IST" name="closing" finished-at="2022-03-08T22:04:03 IST" duration-ms="420" status="PASS">
          <reporter-output>
          </reporter-output>
        </test-method> <!-- closing -->
        <test-method signature="log6()[pri:0, instance:TestNG.SignUp@57cf54e1]" started-at="2022-03-08T22:04:03 IST" name="log6" finished-at="2022-03-08T22:04:15 IST" duration-ms="11779" status="PASS">
          <reporter-output>
          </reporter-output>
        </test-method> <!-- log6 -->
        <test-method is-config="true" signature="closing()[pri:0, instance:TestNG.SignUp@57cf54e1]" started-at="2022-03-08T22:04:15 IST" name="closing" finished-at="2022-03-08T22:04:16 IST" duration-ms="524" status="PASS">
          <reporter-output>
          </reporter-output>
        </test-method> <!-- closing -->
      </class> <!-- TestNG.SignUp -->
    </test> <!-- Sanity Testing1 -->
    <test started-at="2022-03-08T22:03:39 IST" name="Sanity Testing" finished-at="2022-03-08T22:04:17 IST" duration-ms="37664">
      <class name="TestNG.Login">
        <test-method signature="log1()[pri:0, instance:TestNG.Login@6d3a388c]" started-at="2022-03-08T22:03:39 IST" name="log1" finished-at="2022-03-08T22:03:54 IST" duration-ms="15266" status="PASS">
          <reporter-output>
          </reporter-output>
        </test-method> <!-- log1 -->
        <test-method is-config="true" signature="closing()[pri:0, instance:TestNG.Login@6d3a388c]" started-at="2022-03-08T22:03:54 IST" name="closing" finished-at="2022-03-08T22:03:55 IST" duration-ms="617" status="PASS">
          <reporter-output>
          </reporter-output>
        </test-method> <!-- closing -->
        <test-method signature="log2()[pri:0, instance:TestNG.Login@6d3a388c]" started-at="2022-03-08T22:03:55 IST" name="log2" finished-at="2022-03-08T22:04:04 IST" duration-ms="8712" status="PASS">
          <reporter-output>
          </reporter-output>
        </test-method> <!-- log2 -->
        <test-method is-config="true" signature="closing()[pri:0, instance:TestNG.Login@6d3a388c]" started-at="2022-03-08T22:04:04 IST" name="closing" finished-at="2022-03-08T22:04:04 IST" duration-ms="296" status="PASS">
          <reporter-output>
          </reporter-output>
        </test-method> <!-- closing -->
        <test-method signature="log3()[pri:0, instance:TestNG.Login@6d3a388c]" started-at="2022-03-08T22:04:04 IST" name="log3" finished-at="2022-03-08T22:04:16 IST" duration-ms="12259" status="PASS">
          <reporter-output>
          </reporter-output>
        </test-method> <!-- log3 -->
        <test-method is-config="true" signature="closing()[pri:0, instance:TestNG.Login@6d3a388c]" started-at="2022-03-08T22:04:16 IST" name="closing" finished-at="2022-03-08T22:04:17 IST" duration-ms="470" status="PASS">
          <reporter-output>
          </reporter-output>
        </test-method> <!-- closing -->
      </class> <!-- TestNG.Login -->
    </test> <!-- Sanity Testing -->
  </suite> <!-- Sanity -->
</testng-results>
